<?xml version="1.0" encoding="UTF-8"?>
<!-- Generated by org.testng.reporters.JUnitXMLReporter -->
<testsuite ignored="1" hostname="TYSS-Lakshmi" failures="1" tests="1" name="Default test(failed)" time="12.781" errors="0" timestamp="2024-06-17T13:09:17 IST">
  <testcase classname="practice.Listener.ListenerTest_Failure" name="createInvoiceTest" time="0.052">
    <failure type="java.lang.AssertionError" message="expected [Login] but found [Administrator - Home - vtiger CRM 5 - Commercial Open Source CRM]">
      <![CDATA[java.lang.AssertionError: expected [Login] but found [Administrator - Home - vtiger CRM 5 - Commercial Open Source CRM]
at practice.Listener.ListenerTest_Failure.createInvoiceTest(ListenerTest_Failure.java:18)
at java.base/java.util.ArrayList.forEach(ArrayList.java:1511)
... Removed 33 stack frames]]>
    </failure>
  </testcase> <!-- createInvoiceTest -->
  <testcase classname="practice.Listener.ListenerTest_Failure" name="createInvoiceTest2" time="0.0">
    <ignored/>
  </testcase> <!-- createInvoiceTest2 -->
</testsuite> <!-- Default test(failed) -->
