<?xml version="1.0" encoding="UTF-8"?>
<!-- Generated by org.testng.reporters.JUnitXMLReporter -->
<testsuite ignored="6" hostname="TYSS-Lakshmi" failures="0" tests="5" name="TestRunner-Ie" time="0.396" errors="0" timestamp="2024-06-11T18:56:21 IST">
  <testcase classname="com.VTiger.CRM.TestNgUsageTest.CreateContactafterDeleteContactTest" name="createContactAndDelete" time="0.0">
    <skipped/>
  </testcase> <!-- createContactAndDelete -->
  <testcase classname="com.VTiger.CRM.TestNgUsageTest.Create_and_Delete_OrganizationTest" name="createOrg" time="0.0">
    <skipped/>
  </testcase> <!-- createOrg -->
  <testcase classname="com.VTiger.CRM.TestNgUsageTest.Create_and_Delete_OrganizationTest" name="createOrgandDelete" time="0.0">
    <skipped/>
  </testcase> <!-- createOrgandDelete -->
  <testcase classname="com.VTiger.CRM.TestNgUsageTest.CreateContactsTest" name="createContact" time="0.0">
    <skipped/>
  </testcase> <!-- createContact -->
  <testcase classname="com.VTiger.CRM.TestNgUsageTest.CreatingContactsBySelectingOrganizationTest" name="createContactWithOrg" time="0.0">
    <skipped/>
  </testcase> <!-- createContactWithOrg -->
  <testcase classname="baseClassTestng.BaseClassTestNg" name="@AfterSuite AfterSuite" time="0.0">
    <ignored/>
  </testcase> <!-- @AfterSuite AfterSuite -->
  <testcase classname="baseClassTestng.BaseClassTestNg" name="@BeforeSuite BeforeSuite" time="0.0">
    <ignored/>
  </testcase> <!-- @BeforeSuite BeforeSuite -->
  <testcase classname="baseClassTestng.BaseClassTestNg" name="@BeforeSuite BeforeSuite" time="0.0">
    <ignored/>
  </testcase> <!-- @BeforeSuite BeforeSuite -->
  <testcase classname="baseClassTestng.BaseClassTestNg" name="@AfterSuite AfterSuite" time="0.0">
    <ignored/>
  </testcase> <!-- @AfterSuite AfterSuite -->
  <testcase classname="baseClassTestng.BaseClassTestNg" name="@AfterSuite AfterSuite" time="0.0">
    <ignored/>
  </testcase> <!-- @AfterSuite AfterSuite -->
  <testcase classname="baseClassTestng.BaseClassTestNg" name="@BeforeSuite BeforeSuite" time="0.0">
    <ignored/>
  </testcase> <!-- @BeforeSuite BeforeSuite -->
</testsuite> <!-- TestRunner-Ie -->
