<?xml version="1.0" encoding="UTF-8"?>
<!-- Generated by org.testng.reporters.JUnitXMLReporter -->
<testsuite ignored="4" hostname="TYSS-Lakshmi" failures="3" tests="3" name="TestRunner-2" time="66.597" errors="0" timestamp="2024-06-20T17:50:14 IST">
  <testcase classname="com.vTiger.crm.testNgTest.TC005_CreateLeadTest" name="createLead" time="0.003">
    <failure type="java.lang.NullPointerException" message="Cannot invoke &amp;quot;com.aventstack.extentreports.ExtentReports.createTest(String)&amp;quot; because &amp;quot;this.report&amp;quot; is null">
      <![CDATA[java.lang.NullPointerException: Cannot invoke "com.aventstack.extentreports.ExtentReports.createTest(String)" because "this.report" is null
at listenerImplementation.ListenImplement.onTestStart(ListenImplement.java:84)
at java.base/java.util.ArrayList.forEach(ArrayList.java:1511)
at java.base/java.util.concurrent.FutureTask.run(FutureTask.java:264)
at java.base/java.util.concurrent.ThreadPoolExecutor.runWorker(ThreadPoolExecutor.java:1136)
at java.base/java.util.concurrent.ThreadPoolExecutor$Worker.run(ThreadPoolExecutor.java:635)
at java.base/java.lang.Thread.run(Thread.java:833)
... Removed 14 stack frames]]>
    </failure>
  </testcase> <!-- createLead -->
  <testcase classname="com.vTiger.crm.testNgTest.TC006_CreateLead_After_DeleteLeadTest" name="createLead_and_Delete" time="0.001">
    <failure type="java.lang.NullPointerException" message="Cannot invoke &amp;quot;com.aventstack.extentreports.ExtentReports.createTest(String)&amp;quot; because &amp;quot;this.report&amp;quot; is null">
      <![CDATA[java.lang.NullPointerException: Cannot invoke "com.aventstack.extentreports.ExtentReports.createTest(String)" because "this.report" is null
at listenerImplementation.ListenImplement.onTestStart(ListenImplement.java:84)
at java.base/java.util.ArrayList.forEach(ArrayList.java:1511)
at java.base/java.util.concurrent.FutureTask.run(FutureTask.java:264)
at java.base/java.util.concurrent.ThreadPoolExecutor.runWorker(ThreadPoolExecutor.java:1136)
at java.base/java.util.concurrent.ThreadPoolExecutor$Worker.run(ThreadPoolExecutor.java:635)
at java.base/java.lang.Thread.run(Thread.java:833)
... Removed 14 stack frames]]>
    </failure>
  </testcase> <!-- createLead_and_Delete -->
  <testcase classname="com.vTiger.crm.testNgTest.TC007_CreateOpportunityTest" name="createOpportunity" time="0.001">
    <failure type="java.lang.NullPointerException" message="Cannot invoke &amp;quot;com.aventstack.extentreports.ExtentReports.createTest(String)&amp;quot; because &amp;quot;this.report&amp;quot; is null">
      <![CDATA[java.lang.NullPointerException: Cannot invoke "com.aventstack.extentreports.ExtentReports.createTest(String)" because "this.report" is null
at listenerImplementation.ListenImplement.onTestStart(ListenImplement.java:84)
at java.base/java.util.ArrayList.forEach(ArrayList.java:1511)
at java.base/java.util.concurrent.FutureTask.run(FutureTask.java:264)
at java.base/java.util.concurrent.ThreadPoolExecutor.runWorker(ThreadPoolExecutor.java:1136)
at java.base/java.util.concurrent.ThreadPoolExecutor$Worker.run(ThreadPoolExecutor.java:635)
at java.base/java.lang.Thread.run(Thread.java:833)
... Removed 14 stack frames]]>
    </failure>
  </testcase> <!-- createOpportunity -->
  <testcase classname="baseClassTestng.BaseClassTestNg" name="@BeforeSuite BeforeSuite" time="0.0">
    <ignored/>
  </testcase> <!-- @BeforeSuite BeforeSuite -->
  <testcase classname="baseClassTestng.BaseClassTestNg" name="@AfterSuite AfterSuite" time="0.0">
    <ignored/>
  </testcase> <!-- @AfterSuite AfterSuite -->
  <testcase classname="baseClassTestng.BaseClassTestNg" name="@BeforeSuite BeforeSuite" time="0.0">
    <ignored/>
  </testcase> <!-- @BeforeSuite BeforeSuite -->
  <testcase classname="baseClassTestng.BaseClassTestNg" name="@AfterSuite AfterSuite" time="0.0">
    <ignored/>
  </testcase> <!-- @AfterSuite AfterSuite -->
</testsuite> <!-- TestRunner-2 -->
