<?xml version="1.0" encoding="UTF-8"?>
<!-- Generated by org.testng.reporters.JUnitXMLReporter -->
<testsuite ignored="4" hostname="TYSS-Lakshmi" failures="0" tests="3" name="Test" time="100.626" errors="0" timestamp="2024-06-20T16:41:13 IST">
  <testcase classname="com.vTiger.crm.testNgTest.TC005_CreateLeadTest" name="createLead" time="14.093"/>
  <testcase classname="com.vTiger.crm.testNgTest.TC006_CreateLead_After_DeleteLeadTest" name="createLead_and_Delete" time="25.756"/>
  <testcase classname="com.vTiger.crm.testNgTest.TC007_CreateOpportunityTest" name="createOpportunity" time="34.462"/>
  <testcase classname="baseClassTestng.BaseClassTestNg" name="@AfterSuite AfterSuite" time="0.0">
    <ignored/>
  </testcase> <!-- @AfterSuite AfterSuite -->
  <testcase classname="baseClassTestng.BaseClassTestNg" name="@BeforeSuite BeforeSuite" time="0.0">
    <ignored/>
  </testcase> <!-- @BeforeSuite BeforeSuite -->
  <testcase classname="baseClassTestng.BaseClassTestNg" name="@BeforeSuite BeforeSuite" time="0.0">
    <ignored/>
  </testcase> <!-- @BeforeSuite BeforeSuite -->
  <testcase classname="baseClassTestng.BaseClassTestNg" name="@AfterSuite AfterSuite" time="0.0">
    <ignored/>
  </testcase> <!-- @AfterSuite AfterSuite -->
</testsuite> <!-- Test -->
