<?xml version="1.0" encoding="UTF-8"?>
<!-- Generated by org.testng.reporters.JUnitXMLReporter -->
<testsuite ignored="2" hostname="TYSS-Lakshmi" failures="0" tests="2" name="TestRunner-3" time="34.562" errors="0" timestamp="2024-06-12T11:22:49 IST">
  <testcase classname="com.vTiger.crm.testNgTest.TC003_CreateContactafterDeleteContactTest" name="createContactAndDelete" time="14.67"/>
  <testcase classname="com.vTiger.crm.testNgTest.TC001_CreateContactsTest" name="createContact" time="8.177"/>
  <testcase classname="baseClassTestng.BaseClassTestNg" name="@AfterSuite AfterSuite" time="0.0">
    <ignored/>
  </testcase> <!-- @AfterSuite AfterSuite -->
  <testcase classname="baseClassTestng.BaseClassTestNg" name="@BeforeSuite BeforeSuite" time="0.0">
    <ignored/>
  </testcase> <!-- @BeforeSuite BeforeSuite -->
</testsuite> <!-- TestRunner-3 -->
